<?xml version="1.0" encoding="UTF-8"?>
<!-- Generated by org.testng.reporters.JUnitReportReporter -->
<testsuite hostname="LAPTOP-2JITOVQC" name="TestCases.RegressionTests" tests="1" failures="0" timestamp="19 Nov 2020 15:44:27 GMT" time="19.155" errors="0">
  <testcase name="foo" time="19.155" classname="TestCases.RegressionTests"/>
</testsuite> <!-- TestCases.RegressionTests -->
